<?xml version="1.0" encoding="UTF-8"?>
<testsuite xmlns:xsi="http://www.w3.org/2001/XMLSchema-instance" xsi:noNamespaceSchemaLocation="https://maven.apache.org/surefire/maven-surefire-plugin/xsd/surefire-test-report.xsd" name="Runners.SmokeRunner" time="2.688" tests="11" errors="1" skipped="0" failures="0">
  <properties>
[...]
</properties>
  <testcase name="Verify user can login with valid credentials" classname="Login functionality" time="0.094"/>
  <testcase name="Verify user can login with invalid login and valid password" classname="Login functionality" time="0.015"/>
  <testcase name="Verify user is not able to login with invalid email and valid password" classname="Login functionality" time="0"/>
  <testcase name="Order Kimchi from Arigato" classname="Data Table practice" time="0.016"/>
  <testcase name="Verify folloowing tabs are displayed in Amazon" classname="Data Table practice" time="0"/>
  <testcase name="Cars model" classname="Data Table practice" time="0.031"/>
  <testcase name="Test Dry rum" classname="Data Table practice" time="0.031">
    <error message="The step &apos;dry run is bla bla&apos; and 1 other step(s) are undefined.&#10;You can implement these steps using the snippet(s) below:&#10;&#10;@Given(&quot;dry run is bla bla&quot;)&#10;public void dry_run_is_bla_bla() {&#10;    // Write code here that turns the phrase above into concrete actions&#10;    throw new io.cucumber.java.PendingException();&#10;}&#10;@Then(&quot;I get bla bla bla&quot;)&#10;public void i_get_bla_bla_bla() {&#10;    // Write code here that turns the phrase above into concrete actions&#10;    throw new io.cucumber.java.PendingException();&#10;}&#10;" type="io.cucumber.junit.UndefinedStepException">io.cucumber.junit.UndefinedStepException: 
The step 'dry run is bla bla' and 1 other step(s) are undefined.
You can implement these steps using the snippet(s) below:

@Given("dry run is bla bla")
public void dry_run_is_bla_bla() {
    // Write code here that turns the phrase above into concrete actions
    throw new io.cucumber.java.PendingException();
}
@Then("I get bla bla bla")
public void i_get_bla_bla_bla() {
    // Write code here that turns the phrase above into concrete actions
    throw new io.cucumber.java.PendingException();
}

</error>
    <system-out><![CDATA[
@Smoke
Scenario: Test Dry rum     &amp#27;[90m# src/test/resources/features/DataTables.feature:35&amp#27;[0m
  &amp#27;[33mGiven &amp#27;[0m&amp#27;[33mdry run is bla bla&amp#27;[0m
  &amp#27;[36mThen &amp#27;[0m&amp#27;[36mI get bla bla bla&amp#27;[0m
]]></system-out>
  </testcase>
  <testcase name="Multiple tests #1" classname="Scenario: outline demo" time="0"/>
  <testcase name="Multiple tests #2" classname="Scenario: outline demo" time="0.016"/>
  <testcase name="Multiple tests #3" classname="Scenario: outline demo" time="0"/>
  <testcase name="Multiple tests #4" classname="Scenario: outline demo" time="0.015"/>
</testsuite>